Build started 5/10/2016 5:11:45 p.m..
     1>Project "C:\Program Files (x86)\PhysXSDK\Samples\compiler\vc9win64public\SampleBase.vcxproj" on node 2 (Build target(s)).
     1>ClCompile:
         C:\Program Files (x86)\Microsoft Visual Studio 12.0\VC\bin\x86_amd64\CL.exe /c /I./../../PxToolkit/include /I./../../SampleFramework/framework/include /I./../../SampleFramework/renderer/include /I./../../SampleFramework/platform/include /I./../../../Source/shared/general/shared /I./../../../Include /I./../../../Source/foundation/include /I./../../../Source/Common/src /I./../../../Source/GeomUtils/src /I./../../../Source/GeomUtils/headers /I./../../../Source/GeomUtils/include /I./../../../Include/RepX /I./../../../Include/RepXUpgrader /I"C:\Program Files (x86)\Visual Leak Detector\include" /Zi /nologo /W3 /WX /Ox /D PHYSX_PROFILE_SDK /D WIN64 /D _CRT_SECURE_NO_DEPRECATE /D _CRT_NONSTDC_NO_DEPRECATE /D _ALLOW_MSC_VER_MISMATCH /D _ALLOW_ITERATOR_DEBUG_LEVEL_MISMATCH /D _DEBUG /D PX_CHECKED /D PX_SUPPORT_VISUAL_DEBUGGER /D _MBCS /GF /Gm- /MTd /GS- /fp:fast /Zc:wchar_t /Zc:forScope /GR- /Fo"./x64/SampleBase/debug\\" /Fd"./x64/SampleBase/debug\vc120.pdb" /Gd /TP /errorReport:prompt /MP /Ox ..\..\SampleBase\PhysXSample.cpp
         PhysXSample.cpp
     1>C:\Program Files (x86)\MSBuild\Microsoft.Cpp\v4.0\V120\Microsoft.CppBuild.targets(1361,5): warning MSB8012: TargetPath(C:\Program Files (x86)\PhysXSDK\Samples\compiler\vc9win64public\./../../lib/win64\SampleBase.lib) does not match the Library's OutputFile property value (C:\Program Files (x86)\PhysXSDK\Samples\lib\win64\SampleBaseDEBUG.lib). This may cause your project to build incorrectly. To correct this, please make sure that $(OutDir), $(TargetName) and $(TargetExt) property values match the value specified in %(Lib.OutputFile).
     1>C:\Program Files (x86)\MSBuild\Microsoft.Cpp\v4.0\V120\Microsoft.CppBuild.targets(1363,5): warning MSB8012: TargetName(SampleBase) does not match the Library's OutputFile property value (SampleBaseDEBUG). This may cause your project to build incorrectly. To correct this, please make sure that $(OutDir), $(TargetName) and $(TargetExt) property values match the value specified in %(Lib.OutputFile).
       Lib:
         C:\Program Files (x86)\Microsoft Visual Studio 12.0\VC\bin\x86_amd64\Lib.exe /OUT:"./../../lib/win64\SampleBaseDEBUG.lib" /LIBPATH:"C:\Program Files (x86)\Visual Leak Detector\lib\Win64" /NOLOGO /MACHINE:X64 /MACHINE:X64 ./x64/SampleBase/debug\AcclaimLoader.obj
         ./x64/SampleBase/debug\ParticleEmitter.obj
         ./x64/SampleBase/debug\ParticleEmitterPressure.obj
         ./x64/SampleBase/debug\ParticleEmitterRate.obj
         ./x64/SampleBase/debug\ParticleFactory.obj
         ./x64/SampleBase/debug\ParticleSystem.obj
         ./x64/SampleBase/debug\PhysXSample.obj
         ./x64/SampleBase/debug\PhysXSampleApplication.obj
         ./x64/SampleBase/debug\Picking.obj
         ./x64/SampleBase/debug\RawLoader.obj
         ./x64/SampleBase/debug\RaycastCCD.obj
         ./x64/SampleBase/debug\RenderBaseActor.obj
         ./x64/SampleBase/debug\RenderBaseObject.obj
         ./x64/SampleBase/debug\RenderBoxActor.obj
         ./x64/SampleBase/debug\RenderCapsuleActor.obj
         ./x64/SampleBase/debug\RenderClothActor.obj
         ./x64/SampleBase/debug\RenderGridActor.obj
         ./x64/SampleBase/debug\RenderMaterial.obj
         ./x64/SampleBase/debug\RenderMeshActor.obj
         ./x64/SampleBase/debug\RenderParticleSystemActor.obj
         ./x64/SampleBase/debug\RenderPhysX3Debug.obj
         ./x64/SampleBase/debug\RenderSphereActor.obj
         ./x64/SampleBase/debug\RenderTexture.obj
         ./x64/SampleBase/debug\SampleAllocator.obj
         ./x64/SampleBase/debug\SampleCamera.obj
         ./x64/SampleBase/debug\SampleCameraController.obj
         ./x64/SampleBase/debug\SampleCharacterHelpers.obj
         ./x64/SampleBase/debug\SampleConsole.obj
         ./x64/SampleBase/debug\SampleInputMappingAsset.obj
         ./x64/SampleBase/debug\SampleMain.obj
         ./x64/SampleBase/debug\SampleMouseFilter.obj
         ./x64/SampleBase/debug\SampleRandomPrecomputed.obj
         ./x64/SampleBase/debug\SampleStepper.obj
         ./x64/SampleBase/debug\TestClothHelpers.obj
         ./x64/SampleBase/debug\TestGeometryHelpers.obj
         ./x64/SampleBase/debug\TestGroup.obj
         ./x64/SampleBase/debug\TestMotionGenerator.obj
         ./x64/SampleBase/debug\wavefront.obj
         "C:\Program Files (x86)\PhysXSDK\Samples\SampleFramework\framework\lib\win64\SampleFramework-MTDEBUG.lib"
         "C:\Program Files (x86)\PhysXSDK\Samples\SampleFramework\platform\lib\win64\SamplePlatform-MTDEBUG.lib"
         "C:\Program Files (x86)\PhysXSDK\Samples\SampleFramework\renderer\lib\win64\SampleRenderer-MTDEBUG.lib"
         SampleBase.vcxproj -> C:\Program Files (x86)\PhysXSDK\Samples\compiler\vc9win64public\./../../lib/win64\SampleBase.lib
     1>Done Building Project "C:\Program Files (x86)\PhysXSDK\Samples\compiler\vc9win64public\SampleBase.vcxproj" (Build target(s)).

Build succeeded.

Time Elapsed 00:00:04.73
