Build started 6/10/2016 1:43:29 p.m..
     1>Project "E:\hw\ANDROID\GAME PROGRAMMING\Team-Project-GP\Tutorials\ModelLoadingTutorial\BasicGameTemplate\BasicGameTemplate.vcxproj" on node 2 (Build target(s)).
     1>ClCompile:
         C:\Program Files (x86)\Microsoft Visual Studio 12.0\VC\bin\CL.exe /c /I"E:\hw\ANDROID\GAME PROGRAMMING\Team-Project-GP\Tutorials\ModelLoadingTutorial\\DirectXTK\Inc" /ZI /nologo /W3 /WX- /Od /Oy- /D WIN32 /D _DEBUG /D _WINDOWS /D _UNICODE /D UNICODE /Gm /EHsc /RTC1 /MDd /GS /arch:SSE2 /fp:fast /Zc:wchar_t /Zc:forScope /Yc"pch.h" /Fp"Debug\BasicGameTemplate.pch" /Fo"Debug\\" /Fd"Debug\vc120.pdb" /Gd /TP /analyze- /errorReport:prompt pch.cpp
         pch.cpp
     1>e:\hw\android\game programming\team-project-gp\tutorials\modelloadingtutorial\basicgametemplate\pch.h(25): warning C4005: '_WIN32_WINNT' : macro redefinition
                 c:\program files (x86)\windows kits\8.1\include\shared\sdkddkver.h(200) : see previous definition of '_WIN32_WINNT'
         C:\Program Files (x86)\Microsoft Visual Studio 12.0\VC\bin\CL.exe /c /I"E:\hw\ANDROID\GAME PROGRAMMING\Team-Project-GP\Tutorials\ModelLoadingTutorial\\DirectXTK\Inc" /ZI /nologo /W3 /WX- /Od /Oy- /D WIN32 /D _DEBUG /D _WINDOWS /D _UNICODE /D UNICODE /Gm /EHsc /RTC1 /MDd /GS /arch:SSE2 /fp:fast /Zc:wchar_t /Zc:forScope /Yu"pch.h" /Fp"Debug\BasicGameTemplate.pch" /Fo"Debug\\" /Fd"Debug\vc120.pdb" /Gd /TP /analyze- /errorReport:prompt DeviceResources.cpp Game.cpp Main.cpp
         Main.cpp
         Game.cpp
         DeviceResources.cpp
         Generating Code...
       ResourceCompile:
         C:\Program Files (x86)\Windows Kits\8.1\bin\x86\rc.exe /D _UNICODE /D UNICODE /l"0x0409" /nologo /fo"Debug\resource.res" resource.rc 
       ManifestResourceCompile:
         C:\Program Files (x86)\Windows Kits\8.1\bin\x86\rc.exe /nologo /fo"Debug\BasicGameTemplate.exe.embed.manifest.res" Debug\BasicGameTemplate_manifest.rc 
       Link:
         C:\Program Files (x86)\Microsoft Visual Studio 12.0\VC\bin\link.exe /ERRORREPORT:PROMPT /OUT:"E:\hw\ANDROID\GAME PROGRAMMING\Team-Project-GP\Tutorials\ModelLoadingTutorial\Debug\BasicGameTemplate.exe" /INCREMENTAL /NOLOGO d3d11.lib dxgi.lib dxguid.lib uuid.lib kernel32.lib user32.lib gdi32.lib winspool.lib comdlg32.lib advapi32.lib shell32.lib ole32.lib oleaut32.lib uuid.lib odbc32.lib odbccp32.lib kernel32.lib user32.lib gdi32.lib winspool.lib comdlg32.lib advapi32.lib shell32.lib ole32.lib oleaut32.lib uuid.lib odbc32.lib odbccp32.lib /MANIFEST /MANIFESTUAC:"level='asInvoker' uiAccess='false'" /manifest:embed /manifestinput:settings.manifest /DEBUG /PDB:"E:\hw\ANDROID\GAME PROGRAMMING\Team-Project-GP\Tutorials\ModelLoadingTutorial\Debug\BasicGameTemplate.pdb" /SUBSYSTEM:WINDOWS /TLBID:1 /DYNAMICBASE /NXCOMPAT /IMPLIB:"E:\hw\ANDROID\GAME PROGRAMMING\Team-Project-GP\Tutorials\ModelLoadingTutorial\Debug\BasicGameTemplate.lib" /MACHINE:X86 Debug\resource.res
         Debug\DeviceResources.obj
         Debug\Game.obj
         Debug\Main.obj
         Debug\pch.obj
         "E:\hw\ANDROID\GAME PROGRAMMING\Team-Project-GP\Tutorials\ModelLoadingTutorial\DirectXTK\Bin\Desktop_2013\Win32\Debug\DirectXTK.lib"
         LINK : E:\hw\ANDROID\GAME PROGRAMMING\Team-Project-GP\Tutorials\ModelLoadingTutorial\Debug\BasicGameTemplate.exe not found or not built by the last incremental link; performing full link
            Creating library E:\hw\ANDROID\GAME PROGRAMMING\Team-Project-GP\Tutorials\ModelLoadingTutorial\Debug\BasicGameTemplate.lib and object E:\hw\ANDROID\GAME PROGRAMMING\Team-Project-GP\Tutorials\ModelLoadingTutorial\Debug\BasicGameTemplate.exp
         BasicGameTemplate.vcxproj -> E:\hw\ANDROID\GAME PROGRAMMING\Team-Project-GP\Tutorials\ModelLoadingTutorial\Debug\BasicGameTemplate.exe
     1>Done Building Project "E:\hw\ANDROID\GAME PROGRAMMING\Team-Project-GP\Tutorials\ModelLoadingTutorial\BasicGameTemplate\BasicGameTemplate.vcxproj" (Build target(s)).

Build succeeded.

Time Elapsed 00:00:04.27
