Build started 5/10/2016 10:25:46 p.m..
     1>Project "C:\Users\USER\Desktop\Team-Project-GP\Tutorials\PhysX\PhysX\PhysX.vcxproj" on node 2 (Build target(s)).
     1>ClCompile:
         C:\Program Files (x86)\Microsoft Visual Studio 12.0\VC\bin\CL.exe /c /I"C:\Users\USER\Desktop\Team-Project-GP\Tutorials\PhysX\packages\nupengl.core.0.1.0.1\build\native\../..//build/native/include/" /I"C:\Program Files (x86)\Visual Leak Detector\include" /ZI /nologo /W3 /WX- /sdl /Od /Oy- /D WIN32 /D _DEBUG /D _CONSOLE /D _LIB /D _UNICODE /D UNICODE /Gm /EHsc /RTC1 /MDd /GS /fp:precise /Zc:wchar_t /Zc:forScope /Fo"Debug\\" /Fd"Debug\vc120.pdb" /Gd /TP /analyze- /errorReport:prompt Main.cpp
         Main.cpp
       Link:
         C:\Program Files (x86)\Microsoft Visual Studio 12.0\VC\bin\link.exe /ERRORREPORT:PROMPT /OUT:"C:\Users\USER\Desktop\Team-Project-GP\Tutorials\PhysX\Debug\PhysX.exe" /INCREMENTAL /NOLOGO /LIBPATH:"C:\Program Files (x86)\Visual Leak Detector\lib\Win32" /LIBPATH:"C:\Program Files (x86)\PhysXSDK\Lib\vc12win32" /LIBPATH:"C:\Program Files (x86)\PhysXSDK\Lib\vc12win64" "C:\Users\USER\Desktop\Team-Project-GP\Tutorials\PhysX\packages\nupengl.core.0.1.0.1\build\native\../..//build/native/lib/Win32\glew32.lib" "C:\Users\USER\Desktop\Team-Project-GP\Tutorials\PhysX\packages\nupengl.core.0.1.0.1\build\native\../..//build/native/lib/Win32\glfw3dll.lib" "C:\Users\USER\Desktop\Team-Project-GP\Tutorials\PhysX\packages\nupengl.core.0.1.0.1\build\native\../..//build/native/lib/Win32\freeglut.lib" PhysX3DEBUG_x86.lib PhysX3CommonDEBUG_x86.lib kernel32.lib user32.lib gdi32.lib winspool.lib comdlg32.lib advapi32.lib shell32.lib ole32.lib oleaut32.lib uuid.lib odbc32.lib odbccp32.lib /MANIFEST /MANIFESTUAC:"level='asInvoker' uiAccess='false'" /manifest:embed /DEBUG /PDB:"C:\Users\USER\Desktop\Team-Project-GP\Tutorials\PhysX\Debug\PhysX.pdb" /SUBSYSTEM:CONSOLE /TLBID:1 /DYNAMICBASE /NXCOMPAT /IMPLIB:"C:\Users\USER\Desktop\Team-Project-GP\Tutorials\PhysX\Debug\PhysX.lib" /MACHINE:X86 Debug\Main.obj
     1>LINK : warning LNK4098: defaultlib 'LIBCMTD' conflicts with use of other libs; use /NODEFAULTLIB:library
     1>PhysXProfileSDKDEBUG.lib(PxProfileEventImpl.obj) : warning LNK4099: PDB 'vc100.pdb' was not found with 'PhysXProfileSDKDEBUG.lib(PxProfileEventImpl.obj)' or at 'C:\Users\USER\Desktop\Team-Project-GP\Tutorials\PhysX\Debug\vc100.pdb'; linking object as if no debug info
     1>PhysX3ExtensionsDEBUG.lib(ExtCpuWorkerThread.obj) : warning LNK4099: PDB 'vc100.pdb' was not found with 'PhysX3ExtensionsDEBUG.lib(ExtCpuWorkerThread.obj)' or at 'C:\Users\USER\Desktop\Team-Project-GP\Tutorials\PhysX\Debug\vc100.pdb'; linking object as if no debug info
     1>PhysX3ExtensionsDEBUG.lib(ExtD6Joint.obj) : warning LNK4099: PDB 'vc100.pdb' was not found with 'PhysX3ExtensionsDEBUG.lib(ExtD6Joint.obj)' or at 'C:\Users\USER\Desktop\Team-Project-GP\Tutorials\PhysX\Debug\vc100.pdb'; linking object as if no debug info
     1>PhysX3ExtensionsDEBUG.lib(ExtD6JointSolverPrep.obj) : warning LNK4099: PDB 'vc100.pdb' was not found with 'PhysX3ExtensionsDEBUG.lib(ExtD6JointSolverPrep.obj)' or at 'C:\Users\USER\Desktop\Team-Project-GP\Tutorials\PhysX\Debug\vc100.pdb'; linking object as if no debug info
     1>PhysX3ExtensionsDEBUG.lib(ExtDefaultCpuDispatcher.obj) : warning LNK4099: PDB 'vc100.pdb' was not found with 'PhysX3ExtensionsDEBUG.lib(ExtDefaultCpuDispatcher.obj)' or at 'C:\Users\USER\Desktop\Team-Project-GP\Tutorials\PhysX\Debug\vc100.pdb'; linking object as if no debug info
     1>PhysX3ExtensionsDEBUG.lib(ExtDefaultErrorCallback.obj) : warning LNK4099: PDB 'vc100.pdb' was not found with 'PhysX3ExtensionsDEBUG.lib(ExtDefaultErrorCallback.obj)' or at 'C:\Users\USER\Desktop\Team-Project-GP\Tutorials\PhysX\Debug\vc100.pdb'; linking object as if no debug info
     1>PhysX3ExtensionsDEBUG.lib(ExtDefaultSimulationFilterShader.obj) : warning LNK4099: PDB 'vc100.pdb' was not found with 'PhysX3ExtensionsDEBUG.lib(ExtDefaultSimulationFilterShader.obj)' or at 'C:\Users\USER\Desktop\Team-Project-GP\Tutorials\PhysX\Debug\vc100.pdb'; linking object as if no debug info
     1>PhysX3ExtensionsDEBUG.lib(ExtDistanceJoint.obj) : warning LNK4099: PDB 'vc100.pdb' was not found with 'PhysX3ExtensionsDEBUG.lib(ExtDistanceJoint.obj)' or at 'C:\Users\USER\Desktop\Team-Project-GP\Tutorials\PhysX\Debug\vc100.pdb'; linking object as if no debug info
     1>PhysX3ExtensionsDEBUG.lib(ExtDistanceJointSolverPrep.obj) : warning LNK4099: PDB 'vc100.pdb' was not found with 'PhysX3ExtensionsDEBUG.lib(ExtDistanceJointSolverPrep.obj)' or at 'C:\Users\USER\Desktop\Team-Project-GP\Tutorials\PhysX\Debug\vc100.pdb'; linking object as if no debug info
     1>PhysX3ExtensionsDEBUG.lib(ExtExtensions.obj) : warning LNK4099: PDB 'vc100.pdb' was not found with 'PhysX3ExtensionsDEBUG.lib(ExtExtensions.obj)' or at 'C:\Users\USER\Desktop\Team-Project-GP\Tutorials\PhysX\Debug\vc100.pdb'; linking object as if no debug info
     1>PhysX3ExtensionsDEBUG.lib(ExtFixedJoint.obj) : warning LNK4099: PDB 'vc100.pdb' was not found with 'PhysX3ExtensionsDEBUG.lib(ExtFixedJoint.obj)' or at 'C:\Users\USER\Desktop\Team-Project-GP\Tutorials\PhysX\Debug\vc100.pdb'; linking object as if no debug info
     1>PhysX3ExtensionsDEBUG.lib(ExtFixedJointSolverPrep.obj) : warning LNK4099: PDB 'vc100.pdb' was not found with 'PhysX3ExtensionsDEBUG.lib(ExtFixedJointSolverPrep.obj)' or at 'C:\Users\USER\Desktop\Team-Project-GP\Tutorials\PhysX\Debug\vc100.pdb'; linking object as if no debug info
     1>PhysX3ExtensionsDEBUG.lib(ExtJoint.obj) : warning LNK4099: PDB 'vc100.pdb' was not found with 'PhysX3ExtensionsDEBUG.lib(ExtJoint.obj)' or at 'C:\Users\USER\Desktop\Team-Project-GP\Tutorials\PhysX\Debug\vc100.pdb'; linking object as if no debug info
     1>PhysX3ExtensionsDEBUG.lib(ExtMetaData.obj) : warning LNK4099: PDB 'vc100.pdb' was not found with 'PhysX3ExtensionsDEBUG.lib(ExtMetaData.obj)' or at 'C:\Users\USER\Desktop\Team-Project-GP\Tutorials\PhysX\Debug\vc100.pdb'; linking object as if no debug info
     1>PhysX3ExtensionsDEBUG.lib(ExtPrismaticJoint.obj) : warning LNK4099: PDB 'vc100.pdb' was not found with 'PhysX3ExtensionsDEBUG.lib(ExtPrismaticJoint.obj)' or at 'C:\Users\USER\Desktop\Team-Project-GP\Tutorials\PhysX\Debug\vc100.pdb'; linking object as if no debug info
     1>PhysX3ExtensionsDEBUG.lib(ExtPrismaticJointSolverPrep.obj) : warning LNK4099: PDB 'vc100.pdb' was not found with 'PhysX3ExtensionsDEBUG.lib(ExtPrismaticJointSolverPrep.obj)' or at 'C:\Users\USER\Desktop\Team-Project-GP\Tutorials\PhysX\Debug\vc100.pdb'; linking object as if no debug info
     1>PhysX3ExtensionsDEBUG.lib(ExtRevoluteJoint.obj) : warning LNK4099: PDB 'vc100.pdb' was not found with 'PhysX3ExtensionsDEBUG.lib(ExtRevoluteJoint.obj)' or at 'C:\Users\USER\Desktop\Team-Project-GP\Tutorials\PhysX\Debug\vc100.pdb'; linking object as if no debug info
     1>PhysX3ExtensionsDEBUG.lib(ExtRevoluteJointSolverPrep.obj) : warning LNK4099: PDB 'vc100.pdb' was not found with 'PhysX3ExtensionsDEBUG.lib(ExtRevoluteJointSolverPrep.obj)' or at 'C:\Users\USER\Desktop\Team-Project-GP\Tutorials\PhysX\Debug\vc100.pdb'; linking object as if no debug info
     1>PhysX3ExtensionsDEBUG.lib(ExtRigidBodyExt.obj) : warning LNK4099: PDB 'vc100.pdb' was not found with 'PhysX3ExtensionsDEBUG.lib(ExtRigidBodyExt.obj)' or at 'C:\Users\USER\Desktop\Team-Project-GP\Tutorials\PhysX\Debug\vc100.pdb'; linking object as if no debug info
     1>PhysX3ExtensionsDEBUG.lib(ExtSimpleFactory.obj) : warning LNK4099: PDB 'vc100.pdb' was not found with 'PhysX3ExtensionsDEBUG.lib(ExtSimpleFactory.obj)' or at 'C:\Users\USER\Desktop\Team-Project-GP\Tutorials\PhysX\Debug\vc100.pdb'; linking object as if no debug info
     1>PhysX3ExtensionsDEBUG.lib(ExtSphericalJoint.obj) : warning LNK4099: PDB 'vc100.pdb' was not found with 'PhysX3ExtensionsDEBUG.lib(ExtSphericalJoint.obj)' or at 'C:\Users\USER\Desktop\Team-Project-GP\Tutorials\PhysX\Debug\vc100.pdb'; linking object as if no debug info
     1>PhysX3ExtensionsDEBUG.lib(ExtSphericalJointSolverPrep.obj) : warning LNK4099: PDB 'vc100.pdb' was not found with 'PhysX3ExtensionsDEBUG.lib(ExtSphericalJointSolverPrep.obj)' or at 'C:\Users\USER\Desktop\Team-Project-GP\Tutorials\PhysX\Debug\vc100.pdb'; linking object as if no debug info
     1>PhysX3ExtensionsDEBUG.lib(ExtVisualDebugger.obj) : warning LNK4099: PDB 'vc100.pdb' was not found with 'PhysX3ExtensionsDEBUG.lib(ExtVisualDebugger.obj)' or at 'C:\Users\USER\Desktop\Team-Project-GP\Tutorials\PhysX\Debug\vc100.pdb'; linking object as if no debug info
     1>PhysX3ExtensionsDEBUG.lib(PxExtensionAutoGeneratedMetaDataObjects.obj) : warning LNK4099: PDB 'vc100.pdb' was not found with 'PhysX3ExtensionsDEBUG.lib(PxExtensionAutoGeneratedMetaDataObjects.obj)' or at 'C:\Users\USER\Desktop\Team-Project-GP\Tutorials\PhysX\Debug\vc100.pdb'; linking object as if no debug info
         PhysX.vcxproj -> C:\Users\USER\Desktop\Team-Project-GP\Tutorials\PhysX\Debug\PhysX.exe
     1>Done Building Project "C:\Users\USER\Desktop\Team-Project-GP\Tutorials\PhysX\PhysX\PhysX.vcxproj" (Build target(s)).

Build succeeded.

Time Elapsed 00:00:07.99
