Build started 5/10/2016 5:11:50 p.m..
     1>Project "C:\Program Files (x86)\PhysXSDK\Samples\compiler\vc9win64public\Samples.vcxproj" on node 3 (Build target(s)).
     1>C:\Program Files (x86)\MSBuild\Microsoft.Cpp\v4.0\V120\Microsoft.CppBuild.targets(1193,5): warning MSB8012: TargetPath(C:\Program Files (x86)\PhysXSDK\Samples\compiler\vc9win64public\./../../../bin/win64\Samples.exe) does not match the Linker's OutputFile property value (C:\Program Files (x86)\PhysXSDK\bin\win64\SamplesDEBUG.exe). This may cause your project to build incorrectly. To correct this, please make sure that $(OutDir), $(TargetName) and $(TargetExt) property values match the value specified in %(Link.OutputFile).
     1>C:\Program Files (x86)\MSBuild\Microsoft.Cpp\v4.0\V120\Microsoft.CppBuild.targets(1195,5): warning MSB8012: TargetName(Samples) does not match the Linker's OutputFile property value (SamplesDEBUG). This may cause your project to build incorrectly. To correct this, please make sure that $(OutDir), $(TargetName) and $(TargetExt) property values match the value specified in %(Link.OutputFile).
     1>Link:
         C:\Program Files (x86)\Microsoft Visual Studio 12.0\VC\bin\x86_amd64\link.exe /ERRORREPORT:PROMPT /OUT:"./../../../bin/win64\SamplesDEBUG.exe" /NOLOGO /LIBPATH:"C:\Program Files (x86)\Visual Leak Detector\lib\Win64" kernel32.lib user32.lib gdi32.lib winspool.lib comdlg32.lib advapi32.lib shell32.lib ole32.lib oleaut32.lib uuid.lib odbc32.lib odbccp32.lib /MANIFEST /MANIFESTUAC:"level='asInvoker' uiAccess='false'" /manifest:embed /PDB:"./../../../bin/win64\SamplesDEBUG.exe.pdb" /MAP:"./../../../bin/win64\SamplesDEBUG.exe.map" /SUBSYSTEM:CONSOLE /TLBID:1 /DYNAMICBASE /NXCOMPAT /IMPLIB:"./../../../bin/win64\Samples.lib" /MACHINE:X64 Winmm.lib /LIBPATH:../../../Common/lib/win64 /LIBPATH:../../lib/win64 /LIBPATH:../../../Lib/win64 PhysX3CommonDEBUG_x64.lib PhysX3DEBUG_x64.lib PhysX3CookingDEBUG_x64.lib PhysX3CharacterKinematicDEBUG_x64.lib PhysX3ExtensionsDEBUG.lib PhysX3VehicleDEBUG.lib RepX3DEBUG.lib RepXUpgrader3DEBUG.lib PhysXProfileSDKDEBUG.lib PhysXVisualDebuggerSDKDEBUG.lib PxTaskDEBUG.lib /DEBUG /MACHINE:X64 ./x64/Samples/debug\SampleBridges.obj
         ./x64/Samples/debug\SampleBridgesCCT.obj
         ./x64/Samples/debug\KinematicPlatform.obj
         ./x64/Samples/debug\SampleCCTActor.obj
         ./x64/Samples/debug\SampleCCTCameraController.obj
         ./x64/Samples/debug\SampleCCTJump.obj
         ./x64/Samples/debug\SampleCharacterClothCameraController.obj
         ./x64/Samples/debug\SampleCharacterClothFlag.obj
         ./x64/Samples/debug\SampleCharacterClothJump.obj
         ./x64/Samples/debug\SampleCharacterCloth_CCT.obj
         ./x64/Samples/debug\SampleCharacterCloth_ClothController.obj
         ./x64/Samples/debug\SampleCharacterCloth_Main.obj
         ./x64/Samples/debug\SampleCharacterCloth_TerrainBuilder.obj
         ./x64/Samples/debug\Planet.obj
         ./x64/Samples/debug\SampleCustomGravity.obj
         ./x64/Samples/debug\SampleCustomGravityBuilder.obj
         ./x64/Samples/debug\SampleCustomGravityCameraController.obj
         ./x64/Samples/debug\SampleCustomGravityFilterShader.obj
         ./x64/Samples/debug\SampleCustomGravity_CCT.obj
         ./x64/Samples/debug\SampleHelloWorld.obj
         ./x64/Samples/debug\SampleNorthPole.obj
         ./x64/Samples/debug\SampleNorthPoleBuilder.obj
         ./x64/Samples/debug\SampleNorthPoleCameraController.obj
         ./x64/Samples/debug\SampleNorthPoleCCT.obj
         ./x64/Samples/debug\SampleNorthPoleDynamics.obj
         ./x64/Samples/debug\SampleNorthPoleFilterShader.obj
         ./x64/Samples/debug\SampleParticles.obj
         ./x64/Samples/debug\Crab.obj
         ./x64/Samples/debug\SampleSubmarine.obj
         ./x64/Samples/debug\SampleVehicle.obj
         ./x64/Samples/debug\SampleVehicleDebugRender.obj
         ./x64/Samples/debug\SampleVehicleTerrain.obj
         ./x64/Samples/debug\SampleVehicle_CameraController.obj
         ./x64/Samples/debug\SampleVehicle_ControlInputs.obj
         ./x64/Samples/debug\SampleVehicle_GameLogic.obj
         ./x64/Samples/debug\SampleVehicle_SceneQuery.obj
         ./x64/Samples/debug\SampleVehicle_VehicleController.obj
         ./x64/Samples/debug\SampleVehicle_VehicleCooking.obj
         ./x64/Samples/debug\SampleVehicle_VehicleManager.obj
         "C:\Program Files (x86)\PhysXSDK\Samples\PxToolkit\lib\win64\PxToolkitDEBUG.lib"
         "C:\Program Files (x86)\PhysXSDK\Samples\SampleFramework\framework\lib\win64\SampleFramework-MTDEBUG.lib"
         "C:\Program Files (x86)\PhysXSDK\Samples\SampleFramework\platform\lib\win64\SamplePlatform-MTDEBUG.lib"
         "C:\Program Files (x86)\PhysXSDK\Samples\SampleFramework\renderer\lib\win64\SampleRenderer-MTDEBUG.lib"
         "C:\Program Files (x86)\PhysXSDK\Samples\lib\win64\SampleBaseDEBUG.lib"
            Creating library ./../../../bin/win64\Samples.lib and object ./../../../bin/win64\Samples.exp
     1>PhysX3ExtensionsDEBUG.lib(ExtCpuWorkerThread.obj) : warning LNK4099: PDB 'vc100.pdb' was not found with 'PhysX3ExtensionsDEBUG.lib(ExtCpuWorkerThread.obj)' or at 'C:\Program Files (x86)\PhysXSDK\bin\win64\vc100.pdb'; linking object as if no debug info
     1>PhysX3ExtensionsDEBUG.lib(ExtD6Joint.obj) : warning LNK4099: PDB 'vc100.pdb' was not found with 'PhysX3ExtensionsDEBUG.lib(ExtD6Joint.obj)' or at 'C:\Program Files (x86)\PhysXSDK\bin\win64\vc100.pdb'; linking object as if no debug info
     1>PhysX3ExtensionsDEBUG.lib(ExtD6JointSolverPrep.obj) : warning LNK4099: PDB 'vc100.pdb' was not found with 'PhysX3ExtensionsDEBUG.lib(ExtD6JointSolverPrep.obj)' or at 'C:\Program Files (x86)\PhysXSDK\bin\win64\vc100.pdb'; linking object as if no debug info
     1>PhysX3ExtensionsDEBUG.lib(ExtDefaultCpuDispatcher.obj) : warning LNK4099: PDB 'vc100.pdb' was not found with 'PhysX3ExtensionsDEBUG.lib(ExtDefaultCpuDispatcher.obj)' or at 'C:\Program Files (x86)\PhysXSDK\bin\win64\vc100.pdb'; linking object as if no debug info
     1>PhysX3ExtensionsDEBUG.lib(ExtDefaultErrorCallback.obj) : warning LNK4099: PDB 'vc100.pdb' was not found with 'PhysX3ExtensionsDEBUG.lib(ExtDefaultErrorCallback.obj)' or at 'C:\Program Files (x86)\PhysXSDK\bin\win64\vc100.pdb'; linking object as if no debug info
     1>PhysX3ExtensionsDEBUG.lib(ExtDefaultSimulationFilterShader.obj) : warning LNK4099: PDB 'vc100.pdb' was not found with 'PhysX3ExtensionsDEBUG.lib(ExtDefaultSimulationFilterShader.obj)' or at 'C:\Program Files (x86)\PhysXSDK\bin\win64\vc100.pdb'; linking object as if no debug info
     1>PhysX3ExtensionsDEBUG.lib(ExtDistanceJoint.obj) : warning LNK4099: PDB 'vc100.pdb' was not found with 'PhysX3ExtensionsDEBUG.lib(ExtDistanceJoint.obj)' or at 'C:\Program Files (x86)\PhysXSDK\bin\win64\vc100.pdb'; linking object as if no debug info
     1>PhysX3ExtensionsDEBUG.lib(ExtDistanceJointSolverPrep.obj) : warning LNK4099: PDB 'vc100.pdb' was not found with 'PhysX3ExtensionsDEBUG.lib(ExtDistanceJointSolverPrep.obj)' or at 'C:\Program Files (x86)\PhysXSDK\bin\win64\vc100.pdb'; linking object as if no debug info
     1>PhysX3ExtensionsDEBUG.lib(ExtExtensions.obj) : warning LNK4099: PDB 'vc100.pdb' was not found with 'PhysX3ExtensionsDEBUG.lib(ExtExtensions.obj)' or at 'C:\Program Files (x86)\PhysXSDK\bin\win64\vc100.pdb'; linking object as if no debug info
     1>PhysX3ExtensionsDEBUG.lib(ExtFixedJoint.obj) : warning LNK4099: PDB 'vc100.pdb' was not found with 'PhysX3ExtensionsDEBUG.lib(ExtFixedJoint.obj)' or at 'C:\Program Files (x86)\PhysXSDK\bin\win64\vc100.pdb'; linking object as if no debug info
     1>PhysX3ExtensionsDEBUG.lib(ExtFixedJointSolverPrep.obj) : warning LNK4099: PDB 'vc100.pdb' was not found with 'PhysX3ExtensionsDEBUG.lib(ExtFixedJointSolverPrep.obj)' or at 'C:\Program Files (x86)\PhysXSDK\bin\win64\vc100.pdb'; linking object as if no debug info
     1>PhysX3ExtensionsDEBUG.lib(ExtJoint.obj) : warning LNK4099: PDB 'vc100.pdb' was not found with 'PhysX3ExtensionsDEBUG.lib(ExtJoint.obj)' or at 'C:\Program Files (x86)\PhysXSDK\bin\win64\vc100.pdb'; linking object as if no debug info
     1>PhysX3ExtensionsDEBUG.lib(ExtMetaData.obj) : warning LNK4099: PDB 'vc100.pdb' was not found with 'PhysX3ExtensionsDEBUG.lib(ExtMetaData.obj)' or at 'C:\Program Files (x86)\PhysXSDK\bin\win64\vc100.pdb'; linking object as if no debug info
     1>PhysX3ExtensionsDEBUG.lib(ExtParticleExt.obj) : warning LNK4099: PDB 'vc100.pdb' was not found with 'PhysX3ExtensionsDEBUG.lib(ExtParticleExt.obj)' or at 'C:\Program Files (x86)\PhysXSDK\bin\win64\vc100.pdb'; linking object as if no debug info
     1>PhysX3ExtensionsDEBUG.lib(ExtPrismaticJoint.obj) : warning LNK4099: PDB 'vc100.pdb' was not found with 'PhysX3ExtensionsDEBUG.lib(ExtPrismaticJoint.obj)' or at 'C:\Program Files (x86)\PhysXSDK\bin\win64\vc100.pdb'; linking object as if no debug info
     1>PhysX3ExtensionsDEBUG.lib(ExtPrismaticJointSolverPrep.obj) : warning LNK4099: PDB 'vc100.pdb' was not found with 'PhysX3ExtensionsDEBUG.lib(ExtPrismaticJointSolverPrep.obj)' or at 'C:\Program Files (x86)\PhysXSDK\bin\win64\vc100.pdb'; linking object as if no debug info
     1>PhysX3ExtensionsDEBUG.lib(ExtPvdClientImpl.obj) : warning LNK4099: PDB 'vc100.pdb' was not found with 'PhysX3ExtensionsDEBUG.lib(ExtPvdClientImpl.obj)' or at 'C:\Program Files (x86)\PhysXSDK\bin\win64\vc100.pdb'; linking object as if no debug info
     1>PhysX3ExtensionsDEBUG.lib(ExtRevoluteJoint.obj) : warning LNK4099: PDB 'vc100.pdb' was not found with 'PhysX3ExtensionsDEBUG.lib(ExtRevoluteJoint.obj)' or at 'C:\Program Files (x86)\PhysXSDK\bin\win64\vc100.pdb'; linking object as if no debug info
     1>PhysX3ExtensionsDEBUG.lib(ExtRevoluteJointSolverPrep.obj) : warning LNK4099: PDB 'vc100.pdb' was not found with 'PhysX3ExtensionsDEBUG.lib(ExtRevoluteJointSolverPrep.obj)' or at 'C:\Program Files (x86)\PhysXSDK\bin\win64\vc100.pdb'; linking object as if no debug info
     1>PhysX3ExtensionsDEBUG.lib(ExtRigidBodyExt.obj) : warning LNK4099: PDB 'vc100.pdb' was not found with 'PhysX3ExtensionsDEBUG.lib(ExtRigidBodyExt.obj)' or at 'C:\Program Files (x86)\PhysXSDK\bin\win64\vc100.pdb'; linking object as if no debug info
     1>PhysX3ExtensionsDEBUG.lib(ExtSimpleFactory.obj) : warning LNK4099: PDB 'vc100.pdb' was not found with 'PhysX3ExtensionsDEBUG.lib(ExtSimpleFactory.obj)' or at 'C:\Program Files (x86)\PhysXSDK\bin\win64\vc100.pdb'; linking object as if no debug info
     1>PhysX3ExtensionsDEBUG.lib(ExtSmoothNormals.obj) : warning LNK4099: PDB 'vc100.pdb' was not found with 'PhysX3ExtensionsDEBUG.lib(ExtSmoothNormals.obj)' or at 'C:\Program Files (x86)\PhysXSDK\bin\win64\vc100.pdb'; linking object as if no debug info
     1>PhysX3ExtensionsDEBUG.lib(ExtSphericalJoint.obj) : warning LNK4099: PDB 'vc100.pdb' was not found with 'PhysX3ExtensionsDEBUG.lib(ExtSphericalJoint.obj)' or at 'C:\Program Files (x86)\PhysXSDK\bin\win64\vc100.pdb'; linking object as if no debug info
     1>PhysX3ExtensionsDEBUG.lib(ExtSphericalJointSolverPrep.obj) : warning LNK4099: PDB 'vc100.pdb' was not found with 'PhysX3ExtensionsDEBUG.lib(ExtSphericalJointSolverPrep.obj)' or at 'C:\Program Files (x86)\PhysXSDK\bin\win64\vc100.pdb'; linking object as if no debug info
     1>PhysX3ExtensionsDEBUG.lib(ExtVisualDebugger.obj) : warning LNK4099: PDB 'vc100.pdb' was not found with 'PhysX3ExtensionsDEBUG.lib(ExtVisualDebugger.obj)' or at 'C:\Program Files (x86)\PhysXSDK\bin\win64\vc100.pdb'; linking object as if no debug info
     1>PhysX3ExtensionsDEBUG.lib(PxExtensionAutoGeneratedMetaDataObjects.obj) : warning LNK4099: PDB 'vc100.pdb' was not found with 'PhysX3ExtensionsDEBUG.lib(PxExtensionAutoGeneratedMetaDataObjects.obj)' or at 'C:\Program Files (x86)\PhysXSDK\bin\win64\vc100.pdb'; linking object as if no debug info
     1>PhysX3VehicleDEBUG.lib(PxVehicleComponents.obj) : warning LNK4099: PDB 'vc100.pdb' was not found with 'PhysX3VehicleDEBUG.lib(PxVehicleComponents.obj)' or at 'C:\Program Files (x86)\PhysXSDK\bin\win64\vc100.pdb'; linking object as if no debug info
     1>PhysX3VehicleDEBUG.lib(PxVehicleDrive.obj) : warning LNK4099: PDB 'vc100.pdb' was not found with 'PhysX3VehicleDEBUG.lib(PxVehicleDrive.obj)' or at 'C:\Program Files (x86)\PhysXSDK\bin\win64\vc100.pdb'; linking object as if no debug info
     1>PhysX3VehicleDEBUG.lib(PxVehicleDrive4W.obj) : warning LNK4099: PDB 'vc100.pdb' was not found with 'PhysX3VehicleDEBUG.lib(PxVehicleDrive4W.obj)' or at 'C:\Program Files (x86)\PhysXSDK\bin\win64\vc100.pdb'; linking object as if no debug info
     1>PhysX3VehicleDEBUG.lib(PxVehicleNoDrive.obj) : warning LNK4099: PDB 'vc100.pdb' was not found with 'PhysX3VehicleDEBUG.lib(PxVehicleNoDrive.obj)' or at 'C:\Program Files (x86)\PhysXSDK\bin\win64\vc100.pdb'; linking object as if no debug info
     1>PhysX3VehicleDEBUG.lib(PxVehicleSDK.obj) : warning LNK4099: PDB 'vc100.pdb' was not found with 'PhysX3VehicleDEBUG.lib(PxVehicleSDK.obj)' or at 'C:\Program Files (x86)\PhysXSDK\bin\win64\vc100.pdb'; linking object as if no debug info
     1>PhysX3VehicleDEBUG.lib(PxVehicleSuspWheelTire4.obj) : warning LNK4099: PDB 'vc100.pdb' was not found with 'PhysX3VehicleDEBUG.lib(PxVehicleSuspWheelTire4.obj)' or at 'C:\Program Files (x86)\PhysXSDK\bin\win64\vc100.pdb'; linking object as if no debug info
     1>PhysX3VehicleDEBUG.lib(PxVehicleTireFriction.obj) : warning LNK4099: PDB 'vc100.pdb' was not found with 'PhysX3VehicleDEBUG.lib(PxVehicleTireFriction.obj)' or at 'C:\Program Files (x86)\PhysXSDK\bin\win64\vc100.pdb'; linking object as if no debug info
     1>PhysX3VehicleDEBUG.lib(PxVehicleUpdate.obj) : warning LNK4099: PDB 'vc100.pdb' was not found with 'PhysX3VehicleDEBUG.lib(PxVehicleUpdate.obj)' or at 'C:\Program Files (x86)\PhysXSDK\bin\win64\vc100.pdb'; linking object as if no debug info
     1>PhysX3VehicleDEBUG.lib(PxVehicleWheels.obj) : warning LNK4099: PDB 'vc100.pdb' was not found with 'PhysX3VehicleDEBUG.lib(PxVehicleWheels.obj)' or at 'C:\Program Files (x86)\PhysXSDK\bin\win64\vc100.pdb'; linking object as if no debug info
     1>PhysX3VehicleDEBUG.lib(VehicleUtilControl.obj) : warning LNK4099: PDB 'vc100.pdb' was not found with 'PhysX3VehicleDEBUG.lib(VehicleUtilControl.obj)' or at 'C:\Program Files (x86)\PhysXSDK\bin\win64\vc100.pdb'; linking object as if no debug info
     1>PhysX3VehicleDEBUG.lib(VehicleUtilTelemetry.obj) : warning LNK4099: PDB 'vc100.pdb' was not found with 'PhysX3VehicleDEBUG.lib(VehicleUtilTelemetry.obj)' or at 'C:\Program Files (x86)\PhysXSDK\bin\win64\vc100.pdb'; linking object as if no debug info
     1>RepX3DEBUG.lib(FastXml.obj) : warning LNK4099: PDB 'vc100.pdb' was not found with 'RepX3DEBUG.lib(FastXml.obj)' or at 'C:\Program Files (x86)\PhysXSDK\bin\win64\vc100.pdb'; linking object as if no debug info
     1>PhysXProfileSDKDEBUG.lib(PxProfileEventImpl.obj) : warning LNK4099: PDB 'vc100.pdb' was not found with 'PhysXProfileSDKDEBUG.lib(PxProfileEventImpl.obj)' or at 'C:\Program Files (x86)\PhysXSDK\bin\win64\vc100.pdb'; linking object as if no debug info
     1>PhysXVisualDebuggerSDKDEBUG.lib(PvdNetworkStreams.obj) : warning LNK4099: PDB 'vc100.pdb' was not found with 'PhysXVisualDebuggerSDKDEBUG.lib(PvdNetworkStreams.obj)' or at 'C:\Program Files (x86)\PhysXSDK\bin\win64\vc100.pdb'; linking object as if no debug info
     1>PxTaskDEBUG.lib(CudaWrapper.obj) : warning LNK4099: PDB 'vc100.pdb' was not found with 'PxTaskDEBUG.lib(CudaWrapper.obj)' or at 'C:\Program Files (x86)\PhysXSDK\bin\win64\vc100.pdb'; linking object as if no debug info
         Samples.vcxproj -> C:\Program Files (x86)\PhysXSDK\Samples\compiler\vc9win64public\./../../../bin/win64\Samples.exe
     1>Done Building Project "C:\Program Files (x86)\PhysXSDK\Samples\compiler\vc9win64public\Samples.vcxproj" (Build target(s)).

Build succeeded.

Time Elapsed 00:00:03.59
