Build started 9/24/2016 2:08:34 PM.
     1>Project "C:\Users\xmigglex\Desktop\Team-Project-GP\Direct3D Win32 Game2\Direct3D Win32 Game2\Direct3D Win32 Game2.vcxproj" on node 2 (Build target(s)).
     1>ClCompile:
         D:\Visual Studio\VC\bin\CL.exe /c /I"C:\Users\xmigglex\Desktop\Team-Project-GP\Direct3D Win32 Game2\\DirectXTK\Inc" /ZI /nologo /W3 /WX- /Od /Oy- /D WIN32 /D _DEBUG /D _WINDOWS /D _UNICODE /D UNICODE /Gm /EHsc /RTC1 /MDd /GS /arch:SSE2 /fp:fast /Zc:wchar_t /Zc:forScope /Yc"pch.h" /Fp"Debug\Direct3D Win32 Game2.pch" /Fo"Debug\\" /Fd"Debug\vc120.pdb" /Gd /TP /analyze- /errorReport:prompt pch.cpp
         pch.cpp
         D:\Visual Studio\VC\bin\CL.exe /c /I"C:\Users\xmigglex\Desktop\Team-Project-GP\Direct3D Win32 Game2\\DirectXTK\Inc" /ZI /nologo /W3 /WX- /Od /Oy- /D WIN32 /D _DEBUG /D _WINDOWS /D _UNICODE /D UNICODE /Gm /EHsc /RTC1 /MDd /GS /arch:SSE2 /fp:fast /Zc:wchar_t /Zc:forScope /Yu"pch.h" /Fp"Debug\Direct3D Win32 Game2.pch" /Fo"Debug\\" /Fd"Debug\vc120.pdb" /Gd /TP /analyze- /errorReport:prompt DeviceResources.cpp Game.cpp Main.cpp
         Main.cpp
         Game.cpp
     1>c:\users\xmigglex\desktop\team-project-gp\direct3d win32 game2\direct3d win32 game2\game.cpp(195): warning C4244: '=' : conversion from 'LONG' to 'float', possible loss of data
     1>c:\users\xmigglex\desktop\team-project-gp\direct3d win32 game2\direct3d win32 game2\game.cpp(195): warning C4244: '=' : conversion from 'float' to 'LONG', possible loss of data
     1>c:\users\xmigglex\desktop\team-project-gp\direct3d win32 game2\direct3d win32 game2\game.cpp(196): warning C4244: '=' : conversion from 'LONG' to 'float', possible loss of data
     1>c:\users\xmigglex\desktop\team-project-gp\direct3d win32 game2\direct3d win32 game2\game.cpp(196): warning C4244: '=' : conversion from 'float' to 'LONG', possible loss of data
         DeviceResources.cpp
         Generating Code...
       ResourceCompile:
         C:\Program Files (x86)\Windows Kits\8.1\bin\x86\rc.exe /D _UNICODE /D UNICODE /l"0x0409" /nologo /fo"Debug\resource.res" resource.rc 
       ManifestResourceCompile:
         C:\Program Files (x86)\Windows Kits\8.1\bin\x86\rc.exe /nologo /fo"Debug\Direct3D Win32 Game2.exe.embed.manifest.res" "Debug\Direct3D Win32 Game2_manifest.rc" 
       Link:
         D:\Visual Studio\VC\bin\link.exe /ERRORREPORT:PROMPT /OUT:"C:\Users\xmigglex\Desktop\Team-Project-GP\Direct3D Win32 Game2\Debug\Direct3D Win32 Game2.exe" /INCREMENTAL /NOLOGO d3d11.lib dxgi.lib dxguid.lib uuid.lib kernel32.lib user32.lib gdi32.lib winspool.lib comdlg32.lib advapi32.lib shell32.lib ole32.lib oleaut32.lib odbc32.lib odbccp32.lib kernel32.lib user32.lib gdi32.lib winspool.lib comdlg32.lib advapi32.lib shell32.lib ole32.lib oleaut32.lib uuid.lib odbc32.lib odbccp32.lib /MANIFEST /MANIFESTUAC:"level='asInvoker' uiAccess='false'" /manifest:embed /manifestinput:settings.manifest /DEBUG /PDB:"C:\Users\xmigglex\Desktop\Team-Project-GP\Direct3D Win32 Game2\Debug\Direct3D Win32 Game2.pdb" /SUBSYSTEM:WINDOWS /TLBID:1 /DYNAMICBASE /NXCOMPAT /IMPLIB:"C:\Users\xmigglex\Desktop\Team-Project-GP\Direct3D Win32 Game2\Debug\Direct3D Win32 Game2.lib" /MACHINE:X86 Debug\resource.res
         Debug\DeviceResources.obj
         Debug\Game.obj
         Debug\Main.obj
         Debug\pch.obj
         "C:\Users\xmigglex\Desktop\Team-Project-GP\Direct3D Win32 Game2\DirectXTK\Bin\Desktop_2013\Win32\Debug\DirectXTK.lib"
            Creating library C:\Users\xmigglex\Desktop\Team-Project-GP\Direct3D Win32 Game2\Debug\Direct3D Win32 Game2.lib and object C:\Users\xmigglex\Desktop\Team-Project-GP\Direct3D Win32 Game2\Debug\Direct3D Win32 Game2.exp
         Direct3D Win32 Game2.vcxproj -> C:\Users\xmigglex\Desktop\Team-Project-GP\Direct3D Win32 Game2\Debug\Direct3D Win32 Game2.exe
     1>Done Building Project "C:\Users\xmigglex\Desktop\Team-Project-GP\Direct3D Win32 Game2\Direct3D Win32 Game2\Direct3D Win32 Game2.vcxproj" (Build target(s)).

Build succeeded.

Time Elapsed 00:00:06.92
