c:\users\user\documents\github\team-project-gp\project 1\debug\basicgametemplate.lib
c:\users\user\documents\github\team-project-gp\project 1\debug\basicgametemplate.exp
c:\users\user\documents\github\team-project-gp\project 1\basicgametemplate\debug\basicgametemplate.pch
c:\users\user\documents\github\team-project-gp\project 1\basicgametemplate\debug\vc120.pdb
c:\users\user\documents\github\team-project-gp\project 1\basicgametemplate\debug\vc120.idb
c:\users\user\documents\github\team-project-gp\project 1\basicgametemplate\debug\pch.obj
c:\users\user\documents\github\team-project-gp\project 1\basicgametemplate\debug\deviceresources.obj
c:\users\user\documents\github\team-project-gp\project 1\basicgametemplate\debug\game.obj
c:\users\user\documents\github\team-project-gp\project 1\basicgametemplate\debug\main.obj
c:\users\user\documents\github\team-project-gp\project 1\basicgametemplate\debug\modelcontroller.obj
c:\users\user\documents\github\team-project-gp\project 1\basicgametemplate\debug\resource.res
c:\users\user\documents\github\team-project-gp\project 1\basicgametemplate\debug\basicgametemplate.exe.embed.manifest.res
c:\users\user\documents\github\team-project-gp\project 1\basicgametemplate\debug\basicgametemplate.vcxprojresolveassemblyreference.cache
c:\users\user\documents\github\team-project-gp\project 1\basicgametemplate\debug\basicgametemplate.exe.embed.manifest
c:\users\user\documents\github\team-project-gp\project 1\basicgametemplate\debug\basicgametemplate_manifest.rc
c:\users\user\documents\github\team-project-gp\project 1\debug\basicgametemplate.pdb
c:\users\user\documents\github\team-project-gp\project 1\basicgametemplate\debug\basicgam.e91c46d3.tlog\basicgametemplate.write.1u.tlog
c:\users\user\documents\github\team-project-gp\project 1\basicgametemplate\debug\basicgam.e91c46d3.tlog\cl.command.1.tlog
c:\users\user\documents\github\team-project-gp\project 1\basicgametemplate\debug\basicgam.e91c46d3.tlog\cl.read.1.tlog
c:\users\user\documents\github\team-project-gp\project 1\basicgametemplate\debug\basicgam.e91c46d3.tlog\cl.write.1.tlog
c:\users\user\documents\github\team-project-gp\project 1\basicgametemplate\debug\basicgam.e91c46d3.tlog\link-cvtres.read.1.tlog
c:\users\user\documents\github\team-project-gp\project 1\basicgametemplate\debug\basicgam.e91c46d3.tlog\link-cvtres.write.1.tlog
c:\users\user\documents\github\team-project-gp\project 1\basicgametemplate\debug\basicgam.e91c46d3.tlog\link-mt.read.1.tlog
c:\users\user\documents\github\team-project-gp\project 1\basicgametemplate\debug\basicgam.e91c46d3.tlog\link-mt.write.1.tlog
c:\users\user\documents\github\team-project-gp\project 1\basicgametemplate\debug\basicgam.e91c46d3.tlog\link-rc.read.1.tlog
c:\users\user\documents\github\team-project-gp\project 1\basicgametemplate\debug\basicgam.e91c46d3.tlog\link-rc.write.1.tlog
c:\users\user\documents\github\team-project-gp\project 1\basicgametemplate\debug\basicgam.e91c46d3.tlog\link.2532-cvtres.read.1.tlog
c:\users\user\documents\github\team-project-gp\project 1\basicgametemplate\debug\basicgam.e91c46d3.tlog\link.2532-cvtres.write.1.tlog
c:\users\user\documents\github\team-project-gp\project 1\basicgametemplate\debug\basicgam.e91c46d3.tlog\link.2532-mt.read.1.tlog
c:\users\user\documents\github\team-project-gp\project 1\basicgametemplate\debug\basicgam.e91c46d3.tlog\link.2532-mt.write.1.tlog
c:\users\user\documents\github\team-project-gp\project 1\basicgametemplate\debug\basicgam.e91c46d3.tlog\link.2532-rc.read.1.tlog
c:\users\user\documents\github\team-project-gp\project 1\basicgametemplate\debug\basicgam.e91c46d3.tlog\link.2532-rc.write.1.tlog
c:\users\user\documents\github\team-project-gp\project 1\basicgametemplate\debug\basicgam.e91c46d3.tlog\link.2532.read.1.tlog
c:\users\user\documents\github\team-project-gp\project 1\basicgametemplate\debug\basicgam.e91c46d3.tlog\link.2532.write.1.tlog
c:\users\user\documents\github\team-project-gp\project 1\basicgametemplate\debug\basicgam.e91c46d3.tlog\link.command.1.tlog
c:\users\user\documents\github\team-project-gp\project 1\basicgametemplate\debug\basicgam.e91c46d3.tlog\link.read.1.tlog
c:\users\user\documents\github\team-project-gp\project 1\basicgametemplate\debug\basicgam.e91c46d3.tlog\link.write.1.tlog
c:\users\user\documents\github\team-project-gp\project 1\basicgametemplate\debug\basicgam.e91c46d3.tlog\rc.command.1.tlog
c:\users\user\documents\github\team-project-gp\project 1\basicgametemplate\debug\basicgam.e91c46d3.tlog\rc.read.1.tlog
c:\users\user\documents\github\team-project-gp\project 1\basicgametemplate\debug\basicgam.e91c46d3.tlog\rc.write.1.tlog
