<<<<<<< HEAD
﻿Build started 5/10/2016 7:00:52 p.m..
=======
﻿Build started 4/10/2016 1:52:57 p.m..
>>>>>>> origin/PhysX-Implementation
     1>Project "C:\Users\USER\Documents\GitHub\Team-Project-GP\Project 1\BasicGameTemplate\BasicGameTemplate.vcxproj" on node 2 (Build target(s)).
     1>ClCompile:
         C:\Program Files (x86)\Microsoft Visual Studio 12.0\VC\bin\CL.exe /c /I"C:\Users\USER\Documents\GitHub\Team-Project-GP\Project 1\\DirectXTK\Inc" /I"C:\Program Files (x86)\Visual Leak Detector\include" /ZI /nologo /W3 /WX- /Od /Oy- /D WIN32 /D _DEBUG /D _WINDOWS /D _UNICODE /D UNICODE /Gm /EHsc /RTC1 /MD /GS /arch:SSE2 /fp:fast /Zc:wchar_t /Zc:forScope /GR /Yu"pch.h" /Fp"Debug\BasicGameTemplate.pch" /Fo"Debug\\" /Fd"Debug\vc120.pdb" /Gd /TP /analyze- /errorReport:prompt PhysXController.cpp
         PhysXController.cpp
<<<<<<< HEAD
     1>c:\users\user\documents\github\team-project-gp\project 1\basicgametemplate\physxcontroller.cpp(134): warning C4101: 'mProfileZoneManager' : unreferenced local variable
       Link:
         C:\Program Files (x86)\Microsoft Visual Studio 12.0\VC\bin\link.exe /ERRORREPORT:PROMPT /OUT:"C:\Users\USER\Documents\GitHub\Team-Project-GP\Project 1\Debug\BasicGameTemplate.exe" /INCREMENTAL /NOLOGO /LIBPATH:"C:\Program Files (x86)\Visual Leak Detector\lib\Win32" /LIBPATH:"C:\Program Files (x86)\PhysXSDK\Lib\vc12win32" /LIBPATH:"C:\Program Files (x86)\PhysXSDK\Lib\vc12win64" d3d11.lib dxgi.lib dxguid.lib uuid.lib kernel32.lib user32.lib gdi32.lib winspool.lib comdlg32.lib advapi32.lib shell32.lib ole32.lib oleaut32.lib uuid.lib odbc32.lib odbccp32.lib PhysX3DEBUG_x86.lib PhysX3CommonDEBUG_x86.lib kernel32.lib user32.lib gdi32.lib winspool.lib comdlg32.lib advapi32.lib shell32.lib ole32.lib oleaut32.lib uuid.lib odbc32.lib odbccp32.lib /MANIFEST /MANIFESTUAC:"level='asInvoker' uiAccess='false'" /manifest:embed /manifestinput:settings.manifest /DEBUG /PDB:"C:\Users\USER\Documents\GitHub\Team-Project-GP\Project 1\Debug\BasicGameTemplate.pdb" /SUBSYSTEM:WINDOWS /TLBID:1 /DYNAMICBASE /NXCOMPAT /IMPLIB:"C:\Users\USER\Documents\GitHub\Team-Project-GP\Project 1\Debug\BasicGameTemplate.lib" /MACHINE:X86 Debug\resource.res
         Debug\DeviceResources.obj
         Debug\Game.obj
         Debug\Main.obj
         Debug\ModelController.obj
         Debug\pch.obj
         Debug\PhysXController.obj
         "C:\Users\USER\Documents\GitHub\Team-Project-GP\Project 1\DirectXTK\Bin\Desktop_2013\Win32\Debug\DirectXTK.lib"
            Creating library C:\Users\USER\Documents\GitHub\Team-Project-GP\Project 1\Debug\BasicGameTemplate.lib and object C:\Users\USER\Documents\GitHub\Team-Project-GP\Project 1\Debug\BasicGameTemplate.exp
     1>LINK : warning LNK4098: defaultlib 'MSVCRTD' conflicts with use of other libs; use /NODEFAULTLIB:library
     1>MSVCRT.lib(cinitexe.obj) : warning LNK4098: defaultlib 'libcmtd.lib' conflicts with use of other libs; use /NODEFAULTLIB:library
     1>PhysX3ExtensionsDEBUG.lib(ExtDefaultErrorCallback.obj) : warning LNK4099: PDB 'vc100.pdb' was not found with 'PhysX3ExtensionsDEBUG.lib(ExtDefaultErrorCallback.obj)' or at 'C:\Users\USER\Documents\GitHub\Team-Project-GP\Project 1\Debug\vc100.pdb'; linking object as if no debug info
         BasicGameTemplate.vcxproj -> C:\Users\USER\Documents\GitHub\Team-Project-GP\Project 1\Debug\BasicGameTemplate.exe
     1>Done Building Project "C:\Users\USER\Documents\GitHub\Team-Project-GP\Project 1\BasicGameTemplate\BasicGameTemplate.vcxproj" (Build target(s)).
=======
     1>c:\users\user\documents\github\team-project-gp\project 1\basicgametemplate\physxcontroller.cpp(32): error C3861: 'fatalError': identifier not found
     1>c:\users\user\documents\github\team-project-gp\project 1\basicgametemplate\physxcontroller.cpp(36): error C2065: 'mProfileZoneManager' : undeclared identifier
     1>c:\users\user\documents\github\team-project-gp\project 1\basicgametemplate\physxcontroller.cpp(36): error C2653: 'PxProfileZoneManager' : is not a class or namespace name
     1>c:\users\user\documents\github\team-project-gp\project 1\basicgametemplate\physxcontroller.cpp(36): error C3861: 'createProfileZoneManager': identifier not found
     1>c:\users\user\documents\github\team-project-gp\project 1\basicgametemplate\physxcontroller.cpp(37): error C2065: 'mProfileZoneManager' : undeclared identifier
     1>c:\users\user\documents\github\team-project-gp\project 1\basicgametemplate\physxcontroller.cpp(38): error C3861: 'fatalError': identifier not found
     1>c:\users\user\documents\github\team-project-gp\project 1\basicgametemplate\physxcontroller.cpp(41): error C2065: 'mProfileZoneManager' : undeclared identifier
     1>c:\users\user\documents\github\team-project-gp\project 1\basicgametemplate\physxcontroller.cpp(41): error C3861: 'PxTolerancesScale': identifier not found
     1>c:\users\user\documents\github\team-project-gp\project 1\basicgametemplate\physxcontroller.cpp(43): error C3861: 'fatalError': identifier not found
     1>c:\users\user\documents\github\team-project-gp\project 1\basicgametemplate\physxcontroller.cpp(46): error C2065: 'mCooking' : undeclared identifier
     1>c:\users\user\documents\github\team-project-gp\project 1\basicgametemplate\physxcontroller.cpp(46): error C2065: 'scale' : undeclared identifier
     1>c:\users\user\documents\github\team-project-gp\project 1\basicgametemplate\physxcontroller.cpp(46): error C3861: 'PxCookingParams': identifier not found
     1>c:\users\user\documents\github\team-project-gp\project 1\basicgametemplate\physxcontroller.cpp(47): error C2065: 'mCooking' : undeclared identifier
     1>c:\users\user\documents\github\team-project-gp\project 1\basicgametemplate\physxcontroller.cpp(48): error C3861: 'fatalError': identifier not found
     1>c:\users\user\documents\github\team-project-gp\project 1\basicgametemplate\physxcontroller.cpp(62): error C2065: 'scene' : undeclared identifier
     1>c:\users\user\documents\github\team-project-gp\project 1\basicgametemplate\physxcontroller.cpp(62): error C2227: left of '->simulate' must point to class/struct/union/generic type
                 type is 'unknown-type'
     1>c:\users\user\documents\github\team-project-gp\project 1\basicgametemplate\physxcontroller.cpp(62): error C2065: 'dt' : undeclared identifier
     1>c:\users\user\documents\github\team-project-gp\project 1\basicgametemplate\physxcontroller.cpp(63): error C2065: 'scene' : undeclared identifier
     1>c:\users\user\documents\github\team-project-gp\project 1\basicgametemplate\physxcontroller.cpp(63): error C2227: left of '->fetchResults' must point to class/struct/union/generic type
                 type is 'unknown-type'
         Generating Code...
         Skipping... (no relevant changes detected)
         ModelController.cpp
         Main.cpp
         Game.cpp
         DeviceResources.cpp
     1>Done Building Project "C:\Users\USER\Documents\GitHub\Team-Project-GP\Project 1\BasicGameTemplate\BasicGameTemplate.vcxproj" (Build target(s)) -- FAILED.
>>>>>>> origin/PhysX-Implementation

Build FAILED.

<<<<<<< HEAD
Time Elapsed 00:00:02.12
=======
Time Elapsed 00:00:04.35
>>>>>>> origin/PhysX-Implementation
