Build started 9/24/2016 2:49:00 PM.
     1>Project "C:\Users\xmigglex\Desktop\Team-Project-GP\BasicGameTemplate\BasicGameTemplate\BasicGameTemplate.vcxproj" on node 2 (Build target(s)).
     1>ClCompile:
         D:\Visual Studio\VC\bin\CL.exe /c /I"C:\Users\xmigglex\Desktop\Team-Project-GP\BasicGameTemplate\\DirectXTK\Inc" /ZI /nologo /W3 /WX- /Od /Oy- /D WIN32 /D _DEBUG /D _WINDOWS /D _UNICODE /D UNICODE /Gm /EHsc /RTC1 /MDd /GS /arch:SSE2 /fp:fast /Zc:wchar_t /Zc:forScope /Yc"pch.h" /Fp"Debug\BasicGameTemplate.pch" /Fo"Debug\\" /Fd"Debug\vc120.pdb" /Gd /TP /analyze- /errorReport:prompt pch.cpp
         pch.cpp
         D:\Visual Studio\VC\bin\CL.exe /c /I"C:\Users\xmigglex\Desktop\Team-Project-GP\BasicGameTemplate\\DirectXTK\Inc" /ZI /nologo /W3 /WX- /Od /Oy- /D WIN32 /D _DEBUG /D _WINDOWS /D _UNICODE /D UNICODE /Gm /EHsc /RTC1 /MDd /GS /arch:SSE2 /fp:fast /Zc:wchar_t /Zc:forScope /Yu"pch.h" /Fp"Debug\BasicGameTemplate.pch" /Fo"Debug\\" /Fd"Debug\vc120.pdb" /Gd /TP /analyze- /errorReport:prompt DeviceResources.cpp Game.cpp Main.cpp
         Main.cpp
         Game.cpp
         DeviceResources.cpp
         Generating Code...
       ResourceCompile:
         C:\Program Files (x86)\Windows Kits\8.1\bin\x86\rc.exe /D _UNICODE /D UNICODE /l"0x0409" /nologo /fo"Debug\resource.res" resource.rc 
       ManifestResourceCompile:
         C:\Program Files (x86)\Windows Kits\8.1\bin\x86\rc.exe /nologo /fo"Debug\BasicGameTemplate.exe.embed.manifest.res" Debug\BasicGameTemplate_manifest.rc 
       Link:
         D:\Visual Studio\VC\bin\link.exe /ERRORREPORT:PROMPT /OUT:"C:\Users\xmigglex\Desktop\Team-Project-GP\BasicGameTemplate\Debug\BasicGameTemplate.exe" /INCREMENTAL /NOLOGO d3d11.lib dxgi.lib dxguid.lib uuid.lib kernel32.lib user32.lib gdi32.lib winspool.lib comdlg32.lib advapi32.lib shell32.lib ole32.lib oleaut32.lib uuid.lib odbc32.lib odbccp32.lib kernel32.lib user32.lib gdi32.lib winspool.lib comdlg32.lib advapi32.lib shell32.lib ole32.lib oleaut32.lib uuid.lib odbc32.lib odbccp32.lib /MANIFEST /MANIFESTUAC:"level='asInvoker' uiAccess='false'" /manifest:embed /manifestinput:settings.manifest /DEBUG /PDB:"C:\Users\xmigglex\Desktop\Team-Project-GP\BasicGameTemplate\Debug\BasicGameTemplate.pdb" /SUBSYSTEM:WINDOWS /TLBID:1 /DYNAMICBASE /NXCOMPAT /IMPLIB:"C:\Users\xmigglex\Desktop\Team-Project-GP\BasicGameTemplate\Debug\BasicGameTemplate.lib" /MACHINE:X86 Debug\resource.res
         Debug\DeviceResources.obj
         Debug\Game.obj
         Debug\Main.obj
         Debug\pch.obj
         "C:\Users\xmigglex\Desktop\Team-Project-GP\BasicGameTemplate\DirectXTK\Bin\Desktop_2013\Win32\Debug\DirectXTK.lib"
            Creating library C:\Users\xmigglex\Desktop\Team-Project-GP\BasicGameTemplate\Debug\BasicGameTemplate.lib and object C:\Users\xmigglex\Desktop\Team-Project-GP\BasicGameTemplate\Debug\BasicGameTemplate.exp
         BasicGameTemplate.vcxproj -> C:\Users\xmigglex\Desktop\Team-Project-GP\BasicGameTemplate\Debug\BasicGameTemplate.exe
     1>Done Building Project "C:\Users\xmigglex\Desktop\Team-Project-GP\BasicGameTemplate\BasicGameTemplate\BasicGameTemplate.vcxproj" (Build target(s)).

Build succeeded.

Time Elapsed 00:00:02.12
