Build started 9/24/2016 4:35:18 PM.
     1>Project "C:\Users\xmigglex\Desktop\Team-Project-GP\Audio Tutorial\BasicGameTemplate\BasicGameTemplate.vcxproj" on node 2 (Build target(s)).
     1>ClCompile:
         D:\Visual Studio\VC\bin\CL.exe /c /I"C:\Users\xmigglex\Desktop\Team-Project-GP\Audio Tutorial\\DirectXTK\Inc" /ZI /nologo /W3 /WX- /Od /Oy- /D WIN32 /D _DEBUG /D _WINDOWS /D _UNICODE /D UNICODE /Gm /EHsc /RTC1 /MDd /GS /arch:SSE2 /fp:fast /Zc:wchar_t /Zc:forScope /Yu"pch.h" /Fp"Debug\BasicGameTemplate.pch" /Fo"Debug\\" /Fd"Debug\vc120.pdb" /Gd /TP /analyze- /errorReport:prompt Game.cpp Main.cpp
         Game.cpp
         Generating Code...
         Compiling...
         Main.cpp
         Generating Code...
       Link:
         D:\Visual Studio\VC\bin\link.exe /ERRORREPORT:PROMPT /OUT:"C:\Users\xmigglex\Desktop\Team-Project-GP\Audio Tutorial\Debug\BasicGameTemplate.exe" /INCREMENTAL /NOLOGO d3d11.lib dxgi.lib dxguid.lib uuid.lib kernel32.lib user32.lib gdi32.lib winspool.lib comdlg32.lib advapi32.lib shell32.lib ole32.lib oleaut32.lib uuid.lib odbc32.lib odbccp32.lib kernel32.lib user32.lib gdi32.lib winspool.lib comdlg32.lib advapi32.lib shell32.lib ole32.lib oleaut32.lib uuid.lib odbc32.lib odbccp32.lib /MANIFEST /MANIFESTUAC:"level='asInvoker' uiAccess='false'" /manifest:embed /manifestinput:settings.manifest /DEBUG /PDB:"C:\Users\xmigglex\Desktop\Team-Project-GP\Audio Tutorial\Debug\BasicGameTemplate.pdb" /SUBSYSTEM:WINDOWS /TLBID:1 /DYNAMICBASE /NXCOMPAT /IMPLIB:"C:\Users\xmigglex\Desktop\Team-Project-GP\Audio Tutorial\Debug\BasicGameTemplate.lib" /MACHINE:X86 Debug\resource.res
         Debug\DeviceResources.obj
         Debug\Game.obj
         Debug\Main.obj
         Debug\pch.obj
         "C:\Users\xmigglex\Desktop\Team-Project-GP\Audio Tutorial\DirectXTK\Audio\Bin\Desktop_2013_DXSDK\Win32\Debug\DirectXTKAudioDX.lib"
         "C:\Users\xmigglex\Desktop\Team-Project-GP\Audio Tutorial\DirectXTK\Bin\Desktop_2013\Win32\Debug\DirectXTK.lib"
         BasicGameTemplate.vcxproj -> C:\Users\xmigglex\Desktop\Team-Project-GP\Audio Tutorial\Debug\BasicGameTemplate.exe
     1>Done Building Project "C:\Users\xmigglex\Desktop\Team-Project-GP\Audio Tutorial\BasicGameTemplate\BasicGameTemplate.vcxproj" (Build target(s)).

Build succeeded.

Time Elapsed 00:00:01.06
