Build started 5/10/2016 4:01:17 p.m..
     1>Project "C:\Program Files (x86)\PhysXSDK\Samples\SampleFramework\renderer\compiler\vc9win64public\SampleRenderer-MT.vcxproj" on node 3 (Build target(s)).
     1>ClCompile:
         C:\Program Files (x86)\Microsoft Visual Studio 12.0\VC\bin\x86_amd64\CL.exe /c /I./../../include /I./../../../platform/include /I./../../../framework/include /I./../../../../../Source/shared/general/shared /I./../../../../../Source/foundation/include /I./../../../../../Source/foundation/include/windows /I./../../../../../Include /I./../../../../../Include /I./../../../../../Include /I./../../../../../externals/DirectX_Jun2010/Include /I"C:\Program Files (x86)\Visual Leak Detector\include" /Zi /nologo /W3 /WX /Ox /D AGPERFMON /D PHYSX_PROFILE_SDK /D WIN64 /D _CRT_SECURE_NO_DEPRECATE /D _CRT_NONSTDC_NO_DEPRECATE /D _ALLOW_MSC_VER_MISMATCH /D _ALLOW_ITERATOR_DEBUG_LEVEL_MISMATCH /D _DEBUG /D PX_CHECKED /D PX_SUPPORT_VISUAL_DEBUGGER /D _MBCS /GF /Gm- /MTd /GS- /fp:fast /Zc:wchar_t /Zc:forScope /GR- /Fo"./x64/SampleRenderer-MT/debug\\" /Fd"./x64/SampleRenderer-MT/debug\vc120.pdb" /Gd /TP /errorReport:prompt /EHsc /MP /Ox ..\..\src\d3d9\D3D9Renderer.cpp ..\..\src\d3d9\D3D9RendererDirectionalLight.cpp ..\..\src\d3d9\D3D9RendererIndexBuffer.cpp ..\..\src\d3d9\D3D9RendererInstanceBuffer.cpp ..\..\src\d3d9\D3D9RendererMaterial.cpp ..\..\src\d3d9\D3D9RendererMesh.cpp ..\..\src\d3d9\D3D9RendererSpotLight.cpp ..\..\src\d3d9\D3D9RendererTarget.cpp ..\..\src\d3d9\D3D9RendererTexture2D.cpp ..\..\src\d3d9\D3D9RendererVertexBuffer.cpp ..\..\src\d3d9\D3D9WPFRenderer.cpp ..\..\src\Renderer.cpp ..\..\src\RendererBoxShape.cpp ..\..\src\RendererCapsuleShape.cpp ..\..\src\RendererClothShape.cpp ..\..\src\RendererColor.cpp ..\..\src\RendererDesc.cpp ..\..\src\RendererDirectionalLight.cpp ..\..\src\RendererDirectionalLightDesc.cpp ..\..\src\RendererGridShape.cpp ..\..\src\RendererIndexBuffer.cpp ..\..\src\RendererIndexBufferDesc.cpp ..\..\src\RendererInstanceBuffer.cpp ..\..\src\RendererInstanceBufferDesc.cpp ..\..\src\RendererLight.cpp ..\..\src\RendererLightDesc.cpp ..\..\src\RendererMaterial.cpp ..\..\src\RendererMaterialDesc.cpp ..\..\src\RendererMaterialInstance.cpp ..\..\src\RendererMesh.cpp ..\..\src\RendererMeshContext.cpp ..\..\src\RendererMeshDesc.cpp ..\..\src\RendererMeshShape.cpp ..\..\src\RendererParticleSystemShape.cpp ..\..\src\RendererProjection.cpp ..\..\src\RendererShape.cpp ..\..\src\RendererSpotLight.cpp ..\..\src\RendererSpotLightDesc.cpp ..\..\src\RendererTarget.cpp ..\..\src\RendererTargetDesc.cpp ..\..\src\RendererTerrainShape.cpp ..\..\src\RendererTexture2D.cpp ..\..\src\RendererTexture2DDesc.cpp ..\..\src\RendererVertexBuffer.cpp ..\..\src\RendererVertexBufferDesc.cpp ..\..\src\RendererWindow.cpp
         D3D9Renderer.cpp
         D3D9RendererDirectionalLight.cpp
         D3D9RendererIndexBuffer.cpp
         D3D9RendererInstanceBuffer.cpp
         D3D9RendererMaterial.cpp
         D3D9RendererMesh.cpp
         D3D9RendererSpotLight.cpp
         D3D9RendererTarget.cpp
         D3D9RendererTexture2D.cpp
         D3D9RendererVertexBuffer.cpp
         D3D9WPFRenderer.cpp
         Renderer.cpp
         RendererBoxShape.cpp
         RendererCapsuleShape.cpp
         RendererClothShape.cpp
         RendererColor.cpp
         RendererDesc.cpp
         RendererDirectionalLight.cpp
         RendererDirectionalLightDesc.cpp
         RendererGridShape.cpp
         RendererIndexBuffer.cpp
         RendererIndexBufferDesc.cpp
         RendererInstanceBuffer.cpp
         RendererInstanceBufferDesc.cpp
         RendererLight.cpp
         RendererLightDesc.cpp
         RendererMaterial.cpp
         RendererMaterialDesc.cpp
         RendererMaterialInstance.cpp
         RendererMesh.cpp
         RendererMeshContext.cpp
         RendererMeshDesc.cpp
         RendererMeshShape.cpp
         RendererParticleSystemShape.cpp
         RendererProjection.cpp
         RendererShape.cpp
         RendererSpotLight.cpp
         RendererSpotLightDesc.cpp
         RendererTarget.cpp
         RendererTargetDesc.cpp
         RendererTerrainShape.cpp
         RendererTexture2D.cpp
         RendererTexture2DDesc.cpp
         RendererVertexBuffer.cpp
         RendererVertexBufferDesc.cpp
         RendererWindow.cpp
     1>C:\Program Files (x86)\MSBuild\Microsoft.Cpp\v4.0\V120\Microsoft.CppBuild.targets(1361,5): warning MSB8012: TargetPath(C:\Program Files (x86)\PhysXSDK\Samples\SampleFramework\renderer\compiler\vc9win64public\./../../lib/win64\SampleRenderer-MT.lib) does not match the Library's OutputFile property value (C:\Program Files (x86)\PhysXSDK\Samples\SampleFramework\renderer\lib\win64\SampleRenderer-MTDEBUG.lib). This may cause your project to build incorrectly. To correct this, please make sure that $(OutDir), $(TargetName) and $(TargetExt) property values match the value specified in %(Lib.OutputFile).
     1>C:\Program Files (x86)\MSBuild\Microsoft.Cpp\v4.0\V120\Microsoft.CppBuild.targets(1363,5): warning MSB8012: TargetName(SampleRenderer-MT) does not match the Library's OutputFile property value (SampleRenderer-MTDEBUG). This may cause your project to build incorrectly. To correct this, please make sure that $(OutDir), $(TargetName) and $(TargetExt) property values match the value specified in %(Lib.OutputFile).
       Lib:
         C:\Program Files (x86)\Microsoft Visual Studio 12.0\VC\bin\x86_amd64\Lib.exe /OUT:"./../../lib/win64\SampleRenderer-MTDEBUG.lib" /LIBPATH:"C:\Program Files (x86)\Visual Leak Detector\lib\Win64" /NOLOGO /MACHINE:X64 /MACHINE:X64 "./x64/SampleRenderer-MT/debug\D3D9Renderer.obj"
         "./x64/SampleRenderer-MT/debug\D3D9RendererDirectionalLight.obj"
         "./x64/SampleRenderer-MT/debug\D3D9RendererIndexBuffer.obj"
         "./x64/SampleRenderer-MT/debug\D3D9RendererInstanceBuffer.obj"
         "./x64/SampleRenderer-MT/debug\D3D9RendererMaterial.obj"
         "./x64/SampleRenderer-MT/debug\D3D9RendererMesh.obj"
         "./x64/SampleRenderer-MT/debug\D3D9RendererSpotLight.obj"
         "./x64/SampleRenderer-MT/debug\D3D9RendererTarget.obj"
         "./x64/SampleRenderer-MT/debug\D3D9RendererTexture2D.obj"
         "./x64/SampleRenderer-MT/debug\D3D9RendererVertexBuffer.obj"
         "./x64/SampleRenderer-MT/debug\D3D9WPFRenderer.obj"
         "./x64/SampleRenderer-MT/debug\Renderer.obj"
         "./x64/SampleRenderer-MT/debug\RendererBoxShape.obj"
         "./x64/SampleRenderer-MT/debug\RendererCapsuleShape.obj"
         "./x64/SampleRenderer-MT/debug\RendererClothShape.obj"
         "./x64/SampleRenderer-MT/debug\RendererColor.obj"
         "./x64/SampleRenderer-MT/debug\RendererDesc.obj"
         "./x64/SampleRenderer-MT/debug\RendererDirectionalLight.obj"
         "./x64/SampleRenderer-MT/debug\RendererDirectionalLightDesc.obj"
         "./x64/SampleRenderer-MT/debug\RendererGridShape.obj"
         "./x64/SampleRenderer-MT/debug\RendererIndexBuffer.obj"
         "./x64/SampleRenderer-MT/debug\RendererIndexBufferDesc.obj"
         "./x64/SampleRenderer-MT/debug\RendererInstanceBuffer.obj"
         "./x64/SampleRenderer-MT/debug\RendererInstanceBufferDesc.obj"
         "./x64/SampleRenderer-MT/debug\RendererLight.obj"
         "./x64/SampleRenderer-MT/debug\RendererLightDesc.obj"
         "./x64/SampleRenderer-MT/debug\RendererMaterial.obj"
         "./x64/SampleRenderer-MT/debug\RendererMaterialDesc.obj"
         "./x64/SampleRenderer-MT/debug\RendererMaterialInstance.obj"
         "./x64/SampleRenderer-MT/debug\RendererMesh.obj"
         "./x64/SampleRenderer-MT/debug\RendererMeshContext.obj"
         "./x64/SampleRenderer-MT/debug\RendererMeshDesc.obj"
         "./x64/SampleRenderer-MT/debug\RendererMeshShape.obj"
         "./x64/SampleRenderer-MT/debug\RendererParticleSystemShape.obj"
         "./x64/SampleRenderer-MT/debug\RendererProjection.obj"
         "./x64/SampleRenderer-MT/debug\RendererShape.obj"
         "./x64/SampleRenderer-MT/debug\RendererSpotLight.obj"
         "./x64/SampleRenderer-MT/debug\RendererSpotLightDesc.obj"
         "./x64/SampleRenderer-MT/debug\RendererTarget.obj"
         "./x64/SampleRenderer-MT/debug\RendererTargetDesc.obj"
         "./x64/SampleRenderer-MT/debug\RendererTerrainShape.obj"
         "./x64/SampleRenderer-MT/debug\RendererTexture2D.obj"
         "./x64/SampleRenderer-MT/debug\RendererTexture2DDesc.obj"
         "./x64/SampleRenderer-MT/debug\RendererVertexBuffer.obj"
         "./x64/SampleRenderer-MT/debug\RendererVertexBufferDesc.obj"
         "./x64/SampleRenderer-MT/debug\RendererWindow.obj"
         SampleRenderer-MT.vcxproj -> C:\Program Files (x86)\PhysXSDK\Samples\SampleFramework\renderer\compiler\vc9win64public\./../../lib/win64\SampleRenderer-MT.lib
     1>Done Building Project "C:\Program Files (x86)\PhysXSDK\Samples\SampleFramework\renderer\compiler\vc9win64public\SampleRenderer-MT.vcxproj" (Build target(s)).

Build succeeded.

Time Elapsed 00:00:28.45
