Build started 5/10/2016 4:01:16 p.m..
     1>Project "C:\Program Files (x86)\PhysXSDK\Samples\SampleFramework\framework\compiler\vc9win64public\SampleFramework-MT.vcxproj" on node 2 (Build target(s)).
     1>ClCompile:
         C:\Program Files (x86)\Microsoft Visual Studio 12.0\VC\bin\x86_amd64\CL.exe /c /I./../../include /I./../../../renderer/include /I./../../../platform/include /I./../../../../PxToolkit/include /I./../../../../../externals/OpenAutomate/inc /I./../../../../../Source/shared/general/PxIOStream/include /I./../../../../../Source/shared/general/PxIOStream/public /I./../../../../../Source/shared/general/string_parsing/include /I./../../../../../Source/shared/general/shared /I./../../../../../Include /I./../../../../../Include /I./../../../../../Source/foundation/include /I./../../../../../Include/foundation /I./../../../../../Include/physxprofilesdk /I./../../../../../Include/physxvisualdebuggersdk /I"C:\Program Files (x86)\Visual Leak Detector\include" /Zi /nologo /W3 /WX /Ox /D AGPERFMON /D PHYSX_PROFILE_SDK /D WIN32 /D WIN64 /D _CRT_SECURE_NO_DEPRECATE /D _CRT_NONSTDC_NO_DEPRECATE /D _ALLOW_MSC_VER_MISMATCH /D _ALLOW_ITERATOR_DEBUG_LEVEL_MISMATCH /D _DEBUG /D PX_CHECKED /D PX_SUPPORT_VISUAL_DEBUGGER /D _MBCS /GF /Gm- /MTd /GS- /fp:fast /Zc:wchar_t /Zc:forScope /GR- /Fo"./x64/SampleFramework-MT/debug\\" /Fd"./x64/SampleFramework-MT/debug\vc120.pdb" /Gd /TP /errorReport:prompt /EHsc /D ASSET_DIR=\"/SampleRenderer/4/\" /MP /Ox ..\..\src\AgPerfMonEventSrcAPI.cpp ..\..\src\nv_dds.cpp ..\..\src\ODBlock.cpp ..\..\src\SampleApplication.cpp ..\..\src\SampleAsset.cpp ..\..\src\SampleAssetManager.cpp ..\..\src\SampleCommandLine.cpp ..\..\src\SampleDirManager.cpp ..\..\src\SampleInputAsset.cpp ..\..\src\SampleLineDebugRender.cpp ..\..\src\SampleMaterialAsset.cpp ..\..\src\SamplePointDebugRender.cpp ..\..\src\SamplePxProfileZone.cpp ..\..\src\SampleTextureAsset.cpp ..\..\src\SampleTree.cpp ..\..\src\SampleTriangleDebugRender.cpp ..\..\src\targa.cpp ..\..\src\windows\WindowsSampleAssetManager.cpp
         AgPerfMonEventSrcAPI.cpp
         nv_dds.cpp
         ODBlock.cpp
         SampleApplication.cpp
         SampleAsset.cpp
         SampleAssetManager.cpp
         SampleCommandLine.cpp
         SampleDirManager.cpp
         SampleInputAsset.cpp
         SampleLineDebugRender.cpp
         SampleMaterialAsset.cpp
         SamplePointDebugRender.cpp
         SamplePxProfileZone.cpp
         SampleTextureAsset.cpp
         SampleTree.cpp
         SampleTriangleDebugRender.cpp
         targa.cpp
         WindowsSampleAssetManager.cpp
     1>C:\Program Files (x86)\MSBuild\Microsoft.Cpp\v4.0\V120\Microsoft.CppBuild.targets(1361,5): warning MSB8012: TargetPath(C:\Program Files (x86)\PhysXSDK\Samples\SampleFramework\framework\compiler\vc9win64public\./../../lib/win64\SampleFramework-MT.lib) does not match the Library's OutputFile property value (C:\Program Files (x86)\PhysXSDK\Samples\SampleFramework\framework\lib\win64\SampleFramework-MTDEBUG.lib). This may cause your project to build incorrectly. To correct this, please make sure that $(OutDir), $(TargetName) and $(TargetExt) property values match the value specified in %(Lib.OutputFile).
     1>C:\Program Files (x86)\MSBuild\Microsoft.Cpp\v4.0\V120\Microsoft.CppBuild.targets(1363,5): warning MSB8012: TargetName(SampleFramework-MT) does not match the Library's OutputFile property value (SampleFramework-MTDEBUG). This may cause your project to build incorrectly. To correct this, please make sure that $(OutDir), $(TargetName) and $(TargetExt) property values match the value specified in %(Lib.OutputFile).
       Lib:
         C:\Program Files (x86)\Microsoft Visual Studio 12.0\VC\bin\x86_amd64\Lib.exe /OUT:"./../../lib/win64\SampleFramework-MTDEBUG.lib" /LIBPATH:"C:\Program Files (x86)\Visual Leak Detector\lib\Win64" /NOLOGO /MACHINE:X64 /MACHINE:X64 "./x64/SampleFramework-MT/debug\AgPerfMonEventSrcAPI.obj"
         "./x64/SampleFramework-MT/debug\nv_dds.obj"
         "./x64/SampleFramework-MT/debug\ODBlock.obj"
         "./x64/SampleFramework-MT/debug\SampleApplication.obj"
         "./x64/SampleFramework-MT/debug\SampleAsset.obj"
         "./x64/SampleFramework-MT/debug\SampleAssetManager.obj"
         "./x64/SampleFramework-MT/debug\SampleCommandLine.obj"
         "./x64/SampleFramework-MT/debug\SampleDirManager.obj"
         "./x64/SampleFramework-MT/debug\SampleInputAsset.obj"
         "./x64/SampleFramework-MT/debug\SampleLineDebugRender.obj"
         "./x64/SampleFramework-MT/debug\SampleMaterialAsset.obj"
         "./x64/SampleFramework-MT/debug\SamplePointDebugRender.obj"
         "./x64/SampleFramework-MT/debug\SamplePxProfileZone.obj"
         "./x64/SampleFramework-MT/debug\SampleTextureAsset.obj"
         "./x64/SampleFramework-MT/debug\SampleTree.obj"
         "./x64/SampleFramework-MT/debug\SampleTriangleDebugRender.obj"
         "./x64/SampleFramework-MT/debug\targa.obj"
         "./x64/SampleFramework-MT/debug\WindowsSampleAssetManager.obj"
         SampleFramework-MT.vcxproj -> C:\Program Files (x86)\PhysXSDK\Samples\SampleFramework\framework\compiler\vc9win64public\./../../lib/win64\SampleFramework-MT.lib
     1>Done Building Project "C:\Program Files (x86)\PhysXSDK\Samples\SampleFramework\framework\compiler\vc9win64public\SampleFramework-MT.vcxproj" (Build target(s)).

Build succeeded.

Time Elapsed 00:00:19.41
